{"C:\\Users\\dogem\\02-exercise---test-post-routes-using-supertest-and-jest-Autousername\\src\\app.js": {"path":"C:\\Users\\dogem\\02-exercise---test-post-routes-using-supertest-and-jest-Autousername\\src\\app.js","statementMap":{"0":{"start":{"line":1,"column":16},"end":{"line":1,"column":34}},"1":{"start":{"line":2,"column":12},"end":{"line":2,"column":21}},"2":{"start":{"line":3,"column":22},"end":{"line":3,"column":55}},"3":{"start":{"line":4,"column":19},"end":{"line":4,"column":49}},"4":{"start":{"line":5,"column":20},"end":{"line":5,"column":51}},"5":{"start":{"line":7,"column":0},"end":{"line":7,"column":24}},"6":{"start":{"line":9,"column":0},"end":{"line":14,"column":3}},"7":{"start":{"line":10,"column":19},"end":{"line":10,"column":22}},"8":{"start":{"line":11,"column":19},"end":{"line":11,"column":42}},"9":{"start":{"line":12,"column":2},"end":{"line":12,"column":24}},"10":{"start":{"line":13,"column":2},"end":{"line":13,"column":40}},"11":{"start":{"line":16,"column":0},"end":{"line":21,"column":3}},"12":{"start":{"line":17,"column":19},"end":{"line":17,"column":22}},"13":{"start":{"line":18,"column":16},"end":{"line":18,"column":36}},"14":{"start":{"line":19,"column":2},"end":{"line":19,"column":21}},"15":{"start":{"line":20,"column":2},"end":{"line":20,"column":37}},"16":{"start":{"line":23,"column":0},"end":{"line":28,"column":3}},"17":{"start":{"line":24,"column":19},"end":{"line":24,"column":22}},"18":{"start":{"line":25,"column":17},"end":{"line":25,"column":38}},"19":{"start":{"line":26,"column":2},"end":{"line":26,"column":22}},"20":{"start":{"line":27,"column":2},"end":{"line":27,"column":38}},"21":{"start":{"line":30,"column":0},"end":{"line":30,"column":21}}},"fnMap":{"0":{"name":"(anonymous_0)","decl":{"start":{"line":9,"column":23},"end":{"line":9,"column":24}},"loc":{"start":{"line":9,"column":43},"end":{"line":14,"column":1}},"line":9},"1":{"name":"(anonymous_1)","decl":{"start":{"line":16,"column":20},"end":{"line":16,"column":21}},"loc":{"start":{"line":16,"column":40},"end":{"line":21,"column":1}},"line":16},"2":{"name":"(anonymous_2)","decl":{"start":{"line":23,"column":22},"end":{"line":23,"column":23}},"loc":{"start":{"line":23,"column":42},"end":{"line":28,"column":1}},"line":23}},"branchMap":{},"s":{"0":1,"1":1,"2":1,"3":1,"4":1,"5":1,"6":1,"7":1,"8":1,"9":1,"10":1,"11":1,"12":1,"13":1,"14":1,"15":1,"16":1,"17":1,"18":1,"19":1,"20":1,"21":1},"f":{"0":1,"1":1,"2":1},"b":{},"_coverageSchema":"1a1c01bbd47fc00a2c39e90264f33305004495a9","hash":"26c0834d48921faebbb5d1dd730ed0f37c203bd4"}
,"C:\\Users\\dogem\\02-exercise---test-post-routes-using-supertest-and-jest-Autousername\\src\\models\\OrderModel.js": {"path":"C:\\Users\\dogem\\02-exercise---test-post-routes-using-supertest-and-jest-Autousername\\src\\models\\OrderModel.js","statementMap":{"0":{"start":{"line":1,"column":17},"end":{"line":1,"column":36}},"1":{"start":{"line":2,"column":19},"end":{"line":2,"column":27}},"2":{"start":{"line":4,"column":20},"end":{"line":26,"column":1}},"3":{"start":{"line":16,"column":8},"end":{"line":16,"column":25}},"4":{"start":{"line":17,"column":8},"end":{"line":17,"column":23}},"5":{"start":{"line":18,"column":8},"end":{"line":18,"column":23}},"6":{"start":{"line":20,"column":8},"end":{"line":22,"column":9}},"7":{"start":{"line":21,"column":10},"end":{"line":21,"column":33}},"8":{"start":{"line":28,"column":14},"end":{"line":28,"column":50}},"9":{"start":{"line":29,"column":0},"end":{"line":29,"column":23}}},"fnMap":{"0":{"name":"(anonymous_0)","decl":{"start":{"line":15,"column":6},"end":{"line":15,"column":7}},"loc":{"start":{"line":15,"column":26},"end":{"line":23,"column":7}},"line":15}},"branchMap":{},"s":{"0":1,"1":1,"2":1,"3":1,"4":1,"5":1,"6":1,"7":2,"8":1,"9":1},"f":{"0":1},"b":{},"_coverageSchema":"1a1c01bbd47fc00a2c39e90264f33305004495a9","hash":"020f8d8f42f59caafa6de755bd0c597fd81e6f63"}
,"C:\\Users\\dogem\\02-exercise---test-post-routes-using-supertest-and-jest-Autousername\\src\\models\\PolicyModel.js": {"path":"C:\\Users\\dogem\\02-exercise---test-post-routes-using-supertest-and-jest-Autousername\\src\\models\\PolicyModel.js","statementMap":{"0":{"start":{"line":1,"column":17},"end":{"line":1,"column":36}},"1":{"start":{"line":2,"column":19},"end":{"line":2,"column":27}},"2":{"start":{"line":4,"column":21},"end":{"line":20,"column":1}},"3":{"start":{"line":14,"column":8},"end":{"line":14,"column":25}},"4":{"start":{"line":15,"column":8},"end":{"line":15,"column":23}},"5":{"start":{"line":16,"column":8},"end":{"line":16,"column":23}},"6":{"start":{"line":22,"column":15},"end":{"line":22,"column":53}},"7":{"start":{"line":23,"column":0},"end":{"line":23,"column":24}}},"fnMap":{"0":{"name":"(anonymous_0)","decl":{"start":{"line":13,"column":6},"end":{"line":13,"column":7}},"loc":{"start":{"line":13,"column":26},"end":{"line":17,"column":7}},"line":13}},"branchMap":{},"s":{"0":1,"1":1,"2":1,"3":1,"4":1,"5":1,"6":1,"7":1},"f":{"0":1},"b":{},"_coverageSchema":"1a1c01bbd47fc00a2c39e90264f33305004495a9","hash":"f291632974e4549762b2279db1bab58dfa56b3d7"}
,"C:\\Users\\dogem\\02-exercise---test-post-routes-using-supertest-and-jest-Autousername\\src\\models\\WishlistModel.js": {"path":"C:\\Users\\dogem\\02-exercise---test-post-routes-using-supertest-and-jest-Autousername\\src\\models\\WishlistModel.js","statementMap":{"0":{"start":{"line":1,"column":17},"end":{"line":1,"column":36}},"1":{"start":{"line":2,"column":19},"end":{"line":2,"column":27}},"2":{"start":{"line":4,"column":23},"end":{"line":17,"column":1}},"3":{"start":{"line":11,"column":8},"end":{"line":11,"column":25}},"4":{"start":{"line":12,"column":8},"end":{"line":12,"column":23}},"5":{"start":{"line":13,"column":8},"end":{"line":13,"column":23}},"6":{"start":{"line":19,"column":17},"end":{"line":19,"column":59}},"7":{"start":{"line":20,"column":0},"end":{"line":20,"column":26}}},"fnMap":{"0":{"name":"(anonymous_0)","decl":{"start":{"line":10,"column":6},"end":{"line":10,"column":7}},"loc":{"start":{"line":10,"column":26},"end":{"line":14,"column":7}},"line":10}},"branchMap":{},"s":{"0":1,"1":1,"2":1,"3":1,"4":1,"5":1,"6":1,"7":1},"f":{"0":1},"b":{},"_coverageSchema":"1a1c01bbd47fc00a2c39e90264f33305004495a9","hash":"da9308ee358efc0313117738b69f53cd826f1f71"}
}
