TN:
SF:src\app.js
FN:10,(anonymous_0)
FN:24,(anonymous_1)
FN:29,(anonymous_2)
FNF:3
FNH:3
FNDA:2,(anonymous_0)
FNDA:1,(anonymous_1)
FNDA:3,(anonymous_2)
DA:1,1
DA:2,1
DA:3,1
DA:4,1
DA:5,1
DA:6,1
DA:8,1
DA:10,1
DA:11,2
DA:12,2
DA:13,2
DA:14,2
DA:15,1
DA:17,1
DA:18,1
DA:20,1
DA:24,1
DA:25,1
DA:26,1
DA:29,1
DA:30,3
DA:32,3
DA:33,1
DA:36,2
DA:38,2
DA:39,1
DA:42,1
DA:45,1
LF:28
LH:28
BRDA:17,0,0,1
BRDA:17,0,1,0
BRDA:32,1,0,1
BRDA:32,1,1,2
BRDA:38,2,0,1
BRDA:38,2,1,1
BRF:6
BRH:5
end_of_record
TN:
SF:src\formatProperty.js
FN:1,(anonymous_0)
FNF:1
FNH:1
FNDA:6,(anonymous_0)
DA:1,2
DA:2,6
DA:12,2
LF:3
LH:3
BRF:0
BRH:0
end_of_record
TN:
SF:src\models\PropertyModel.js
FNF:0
FNH:0
DA:1,2
DA:2,2
DA:4,2
DA:12,2
DA:13,2
LF:5
LH:5
BRF:0
BRH:0
end_of_record
