{"C:\\Users\\dogem\\02-exercise---filtering-properties-and-unit-testing-Autousername\\src\\filterProperties.js": {"path":"C:\\Users\\dogem\\02-exercise---filtering-properties-and-unit-testing-Autousername\\src\\filterProperties.js","statementMap":{"0":{"start":{"line":1,"column":25},"end":{"line":3,"column":1}},"1":{"start":{"line":2,"column":2},"end":{"line":2,"column":60}},"2":{"start":{"line":2,"column":41},"end":{"line":2,"column":58}},"3":{"start":{"line":5,"column":0},"end":{"line":5,"column":34}}},"fnMap":{"0":{"name":"(anonymous_0)","decl":{"start":{"line":1,"column":25},"end":{"line":1,"column":26}},"loc":{"start":{"line":1,"column":41},"end":{"line":3,"column":1}},"line":1},"1":{"name":"(anonymous_1)","decl":{"start":{"line":2,"column":27},"end":{"line":2,"column":28}},"loc":{"start":{"line":2,"column":41},"end":{"line":2,"column":58}},"line":2}},"branchMap":{},"s":{"0":1,"1":1,"2":3,"3":1},"f":{"0":1,"1":3},"b":{},"_coverageSchema":"1a1c01bbd47fc00a2c39e90264f33305004495a9","hash":"c51dc3d4b845b0923b9ce7f30335557a05bcf1fd"}
}
