{"C:\\Users\\dogem\\02-exercise---create-properties-for-house-tricks-in-express-Autousername\\src\\app.js": {"path":"C:\\Users\\dogem\\02-exercise---create-properties-for-house-tricks-in-express-Autousername\\src\\app.js","statementMap":{"0":{"start":{"line":1,"column":16},"end":{"line":1,"column":34}},"1":{"start":{"line":2,"column":12},"end":{"line":2,"column":21}},"2":{"start":{"line":3,"column":22},"end":{"line":3,"column":55}},"3":{"start":{"line":4,"column":23},"end":{"line":4,"column":56}},"4":{"start":{"line":5,"column":18},"end":{"line":5,"column":46}},"5":{"start":{"line":7,"column":0},"end":{"line":7,"column":24}},"6":{"start":{"line":9,"column":0},"end":{"line":17,"column":3}},"7":{"start":{"line":10,"column":21},"end":{"line":10,"column":56}},"8":{"start":{"line":12,"column":30},"end":{"line":14,"column":4}},"9":{"start":{"line":13,"column":4},"end":{"line":13,"column":36}},"10":{"start":{"line":16,"column":2},"end":{"line":16,"column":32}},"11":{"start":{"line":19,"column":0},"end":{"line":31,"column":3}},"12":{"start":{"line":20,"column":2},"end":{"line":30,"column":3}},"13":{"start":{"line":21,"column":21},"end":{"line":21,"column":71}},"14":{"start":{"line":22,"column":4},"end":{"line":27,"column":5}},"15":{"start":{"line":23,"column":32},"end":{"line":23,"column":56}},"16":{"start":{"line":24,"column":6},"end":{"line":24,"column":34}},"17":{"start":{"line":26,"column":6},"end":{"line":26,"column":56}},"18":{"start":{"line":29,"column":4},"end":{"line":29,"column":64}},"19":{"start":{"line":33,"column":0},"end":{"line":37,"column":3}},"20":{"start":{"line":34,"column":19},"end":{"line":34,"column":55}},"21":{"start":{"line":36,"column":2},"end":{"line":36,"column":33}},"22":{"start":{"line":39,"column":0},"end":{"line":39,"column":21}}},"fnMap":{"0":{"name":"(anonymous_0)","decl":{"start":{"line":9,"column":23},"end":{"line":9,"column":24}},"loc":{"start":{"line":9,"column":43},"end":{"line":17,"column":1}},"line":9},"1":{"name":"(anonymous_1)","decl":{"start":{"line":12,"column":45},"end":{"line":12,"column":46}},"loc":{"start":{"line":12,"column":59},"end":{"line":14,"column":3}},"line":12},"2":{"name":"(anonymous_2)","decl":{"start":{"line":19,"column":27},"end":{"line":19,"column":28}},"loc":{"start":{"line":19,"column":47},"end":{"line":31,"column":1}},"line":19},"3":{"name":"(anonymous_3)","decl":{"start":{"line":33,"column":24},"end":{"line":33,"column":25}},"loc":{"start":{"line":33,"column":44},"end":{"line":37,"column":1}},"line":33}},"branchMap":{"0":{"loc":{"start":{"line":20,"column":2},"end":{"line":30,"column":3}},"type":"if","locations":[{"start":{"line":20,"column":2},"end":{"line":30,"column":3}},{"start":{"line":20,"column":2},"end":{"line":30,"column":3}}],"line":20},"1":{"loc":{"start":{"line":22,"column":4},"end":{"line":27,"column":5}},"type":"if","locations":[{"start":{"line":22,"column":4},"end":{"line":27,"column":5}},{"start":{"line":22,"column":4},"end":{"line":27,"column":5}}],"line":22}},"s":{"0":1,"1":1,"2":1,"3":1,"4":1,"5":1,"6":1,"7":1,"8":1,"9":3,"10":1,"11":1,"12":3,"13":2,"14":2,"15":1,"16":1,"17":1,"18":1,"19":1,"20":1,"21":1,"22":1},"f":{"0":1,"1":3,"2":3,"3":1},"b":{"0":[2,1],"1":[1,1]},"_coverageSchema":"1a1c01bbd47fc00a2c39e90264f33305004495a9","hash":"69eade4121f5014d86653eb0af9502c8ab972b59"}
,"C:\\Users\\dogem\\02-exercise---create-properties-for-house-tricks-in-express-Autousername\\src\\models\\PropertyModel.js": {"path":"C:\\Users\\dogem\\02-exercise---create-properties-for-house-tricks-in-express-Autousername\\src\\models\\PropertyModel.js","statementMap":{"0":{"start":{"line":2,"column":17},"end":{"line":2,"column":36}},"1":{"start":{"line":3,"column":19},"end":{"line":3,"column":27}},"2":{"start":{"line":5,"column":23},"end":{"line":37,"column":1}},"3":{"start":{"line":31,"column":8},"end":{"line":31,"column":25}},"4":{"start":{"line":32,"column":8},"end":{"line":32,"column":23}},"5":{"start":{"line":33,"column":8},"end":{"line":33,"column":23}},"6":{"start":{"line":39,"column":17},"end":{"line":39,"column":59}},"7":{"start":{"line":41,"column":0},"end":{"line":41,"column":26}}},"fnMap":{"0":{"name":"(anonymous_0)","decl":{"start":{"line":30,"column":6},"end":{"line":30,"column":7}},"loc":{"start":{"line":30,"column":26},"end":{"line":34,"column":7}},"line":30}},"branchMap":{},"s":{"0":3,"1":3,"2":3,"3":1,"4":1,"5":1,"6":3,"7":3},"f":{"0":1},"b":{},"_coverageSchema":"1a1c01bbd47fc00a2c39e90264f33305004495a9","hash":"89595bab59c171d08bfdc7a279dd1012942f7cfa"}
,"C:\\Users\\dogem\\02-exercise---create-properties-for-house-tricks-in-express-Autousername\\src\\utils\\formatProperty.js": {"path":"C:\\Users\\dogem\\02-exercise---create-properties-for-house-tricks-in-express-Autousername\\src\\utils\\formatProperty.js","statementMap":{"0":{"start":{"line":1,"column":23},"end":{"line":1,"column":74}},"1":{"start":{"line":1,"column":54},"end":{"line":1,"column":73}},"2":{"start":{"line":3,"column":0},"end":{"line":3,"column":32}}},"fnMap":{"0":{"name":"(anonymous_0)","decl":{"start":{"line":1,"column":23},"end":{"line":1,"column":24}},"loc":{"start":{"line":1,"column":54},"end":{"line":1,"column":73}},"line":1}},"branchMap":{},"s":{"0":2,"1":5,"2":2},"f":{"0":5},"b":{},"_coverageSchema":"1a1c01bbd47fc00a2c39e90264f33305004495a9","hash":"3b1626d08d5d55aa7864e057d152ddde5a2d65e3"}
,"C:\\Users\\dogem\\02-exercise---create-properties-for-house-tricks-in-express-Autousername\\src\\utils\\isValidId.js": {"path":"C:\\Users\\dogem\\02-exercise---create-properties-for-house-tricks-in-express-Autousername\\src\\utils\\isValidId.js","statementMap":{"0":{"start":{"line":1,"column":17},"end":{"line":1,"column":36}},"1":{"start":{"line":3,"column":18},"end":{"line":3,"column":61}},"2":{"start":{"line":3,"column":26},"end":{"line":3,"column":61}},"3":{"start":{"line":5,"column":0},"end":{"line":5,"column":27}}},"fnMap":{"0":{"name":"(anonymous_0)","decl":{"start":{"line":3,"column":18},"end":{"line":3,"column":19}},"loc":{"start":{"line":3,"column":26},"end":{"line":3,"column":61}},"line":3}},"branchMap":{},"s":{"0":2,"1":2,"2":5,"3":2},"f":{"0":5},"b":{},"_coverageSchema":"1a1c01bbd47fc00a2c39e90264f33305004495a9","hash":"29edbbb42fb28aedda22861e616ea75957a02282"}
}
