TN:
SF:src\app.js
FN:9,(anonymous_0)
FN:12,(anonymous_1)
FN:19,(anonymous_2)
FN:33,(anonymous_3)
FNF:4
FNH:4
FNDA:1,(anonymous_0)
FNDA:3,(anonymous_1)
FNDA:3,(anonymous_2)
FNDA:1,(anonymous_3)
DA:1,1
DA:2,1
DA:3,1
DA:4,1
DA:5,1
DA:7,1
DA:9,1
DA:10,1
DA:12,1
DA:13,3
DA:16,1
DA:19,1
DA:20,3
DA:21,2
DA:22,2
DA:23,1
DA:24,1
DA:26,1
DA:29,1
DA:33,1
DA:34,1
DA:36,1
DA:39,1
LF:23
LH:23
BRDA:20,0,0,2
BRDA:20,0,1,1
BRDA:22,1,0,1
BRDA:22,1,1,1
BRF:4
BRH:4
end_of_record
TN:
SF:src\models\PropertyModel.js
FN:30,(anonymous_0)
FNF:1
FNH:1
FNDA:1,(anonymous_0)
DA:2,3
DA:3,3
DA:5,3
DA:31,1
DA:32,1
DA:33,1
DA:39,3
DA:41,3
LF:8
LH:8
BRF:0
BRH:0
end_of_record
TN:
SF:src\utils\formatProperty.js
FN:1,(anonymous_0)
FNF:1
FNH:1
FNDA:5,(anonymous_0)
DA:1,5
DA:3,2
LF:2
LH:2
BRF:0
BRH:0
end_of_record
TN:
SF:src\utils\isValidId.js
FN:3,(anonymous_0)
FNF:1
FNH:1
FNDA:5,(anonymous_0)
DA:1,2
DA:3,5
DA:5,2
LF:3
LH:3
BRF:0
BRH:0
end_of_record
