{"C:\\Users\\dogem\\02-exercise---validate-the-request-body-in-express-Autousername\\src\\app.js": {"path":"C:\\Users\\dogem\\02-exercise---validate-the-request-body-in-express-Autousername\\src\\app.js","statementMap":{"0":{"start":{"line":1,"column":17},"end":{"line":1,"column":36}},"1":{"start":{"line":2,"column":16},"end":{"line":2,"column":34}},"2":{"start":{"line":3,"column":45},"end":{"line":3,"column":65}},"3":{"start":{"line":4,"column":12},"end":{"line":4,"column":21}},"4":{"start":{"line":5,"column":22},"end":{"line":5,"column":55}},"5":{"start":{"line":6,"column":23},"end":{"line":6,"column":50}},"6":{"start":{"line":8,"column":0},"end":{"line":8,"column":24}},"7":{"start":{"line":10,"column":0},"end":{"line":34,"column":2}},"8":{"start":{"line":22,"column":4},"end":{"line":32,"column":5}},"9":{"start":{"line":23,"column":23},"end":{"line":23,"column":26}},"10":{"start":{"line":24,"column":23},"end":{"line":24,"column":46}},"11":{"start":{"line":25,"column":6},"end":{"line":25,"column":28}},"12":{"start":{"line":26,"column":6},"end":{"line":26,"column":60}},"13":{"start":{"line":28,"column":6},"end":{"line":30,"column":7}},"14":{"start":{"line":29,"column":8},"end":{"line":29,"column":27}},"15":{"start":{"line":31,"column":6},"end":{"line":31,"column":18}},"16":{"start":{"line":36,"column":0},"end":{"line":39,"column":3}},"17":{"start":{"line":37,"column":21},"end":{"line":37,"column":49}},"18":{"start":{"line":38,"column":2},"end":{"line":38,"column":62}},"19":{"start":{"line":41,"column":0},"end":{"line":55,"column":3}},"20":{"start":{"line":42,"column":17},"end":{"line":42,"column":27}},"21":{"start":{"line":44,"column":2},"end":{"line":46,"column":3}},"22":{"start":{"line":45,"column":4},"end":{"line":45,"column":53}},"23":{"start":{"line":48,"column":19},"end":{"line":48,"column":51}},"24":{"start":{"line":50,"column":2},"end":{"line":52,"column":3}},"25":{"start":{"line":51,"column":4},"end":{"line":51,"column":45}},"26":{"start":{"line":54,"column":2},"end":{"line":54,"column":56}},"27":{"start":{"line":56,"column":0},"end":{"line":56,"column":18}},"28":{"start":{"line":57,"column":0},"end":{"line":57,"column":21}}},"fnMap":{"0":{"name":"(anonymous_0)","decl":{"start":{"line":21,"column":2},"end":{"line":21,"column":3}},"loc":{"start":{"line":21,"column":28},"end":{"line":33,"column":3}},"line":21},"1":{"name":"(anonymous_1)","decl":{"start":{"line":36,"column":23},"end":{"line":36,"column":24}},"loc":{"start":{"line":36,"column":43},"end":{"line":39,"column":1}},"line":36},"2":{"name":"(anonymous_2)","decl":{"start":{"line":41,"column":27},"end":{"line":41,"column":28}},"loc":{"start":{"line":41,"column":47},"end":{"line":55,"column":1}},"line":41}},"branchMap":{"0":{"loc":{"start":{"line":28,"column":6},"end":{"line":30,"column":7}},"type":"if","locations":[{"start":{"line":28,"column":6},"end":{"line":30,"column":7}},{"start":{"line":28,"column":6},"end":{"line":30,"column":7}}],"line":28},"1":{"loc":{"start":{"line":44,"column":2},"end":{"line":46,"column":3}},"type":"if","locations":[{"start":{"line":44,"column":2},"end":{"line":46,"column":3}},{"start":{"line":44,"column":2},"end":{"line":46,"column":3}}],"line":44},"2":{"loc":{"start":{"line":50,"column":2},"end":{"line":52,"column":3}},"type":"if","locations":[{"start":{"line":50,"column":2},"end":{"line":52,"column":3}},{"start":{"line":50,"column":2},"end":{"line":52,"column":3}}],"line":50}},"s":{"0":1,"1":1,"2":1,"3":1,"4":1,"5":1,"6":1,"7":1,"8":1,"9":1,"10":1,"11":1,"12":1,"13":0,"14":0,"15":0,"16":1,"17":1,"18":1,"19":1,"20":3,"21":3,"22":1,"23":2,"24":2,"25":1,"26":1,"27":1,"28":1},"f":{"0":1,"1":1,"2":3},"b":{"0":[0,0],"1":[1,2],"2":[1,1]},"_coverageSchema":"1a1c01bbd47fc00a2c39e90264f33305004495a9","hash":"1468877515c6377696d158d3d07a70e67c2a9212"}
,"C:\\Users\\dogem\\02-exercise---validate-the-request-body-in-express-Autousername\\src\\formatProperty.js": {"path":"C:\\Users\\dogem\\02-exercise---validate-the-request-body-in-express-Autousername\\src\\formatProperty.js","statementMap":{"0":{"start":{"line":1,"column":23},"end":{"line":10,"column":1}},"1":{"start":{"line":2,"column":2},"end":{"line":9,"column":4}},"2":{"start":{"line":12,"column":0},"end":{"line":12,"column":31}}},"fnMap":{"0":{"name":"(anonymous_0)","decl":{"start":{"line":1,"column":23},"end":{"line":1,"column":24}},"loc":{"start":{"line":1,"column":37},"end":{"line":10,"column":1}},"line":1}},"branchMap":{},"s":{"0":2,"1":6,"2":2},"f":{"0":6},"b":{},"_coverageSchema":"1a1c01bbd47fc00a2c39e90264f33305004495a9","hash":"a0056b0f2ba2796fed6861fe9a2a3ce57971bfcf"}
,"C:\\Users\\dogem\\02-exercise---validate-the-request-body-in-express-Autousername\\src\\models\\PropertyModel.js": {"path":"C:\\Users\\dogem\\02-exercise---validate-the-request-body-in-express-Autousername\\src\\models\\PropertyModel.js","statementMap":{"0":{"start":{"line":1,"column":17},"end":{"line":1,"column":36}},"1":{"start":{"line":2,"column":19},"end":{"line":2,"column":27}},"2":{"start":{"line":4,"column":23},"end":{"line":10,"column":2}},"3":{"start":{"line":12,"column":17},"end":{"line":12,"column":59}},"4":{"start":{"line":13,"column":0},"end":{"line":13,"column":26}}},"fnMap":{},"branchMap":{},"s":{"0":2,"1":2,"2":2,"3":2,"4":2},"f":{},"b":{},"_coverageSchema":"1a1c01bbd47fc00a2c39e90264f33305004495a9","hash":"3e3ae7cdee1e364e3023d83516626d729e458629"}
}
