TN:
SF:src\app.js
FN:21,(anonymous_0)
FN:36,(anonymous_1)
FN:41,(anonymous_2)
FNF:3
FNH:3
FNDA:1,(anonymous_0)
FNDA:1,(anonymous_1)
FNDA:3,(anonymous_2)
DA:1,1
DA:2,1
DA:3,1
DA:4,1
DA:5,1
DA:6,1
DA:8,1
DA:10,1
DA:22,1
DA:23,1
DA:24,1
DA:25,1
DA:26,1
DA:28,0
DA:29,0
DA:31,0
DA:36,1
DA:37,1
DA:38,1
DA:41,1
DA:42,3
DA:44,3
DA:45,1
DA:48,2
DA:50,2
DA:51,1
DA:54,1
DA:56,1
DA:57,1
LF:29
LH:26
BRDA:28,0,0,0
BRDA:28,0,1,0
BRDA:44,1,0,1
BRDA:44,1,1,2
BRDA:50,2,0,1
BRDA:50,2,1,1
BRF:6
BRH:4
end_of_record
TN:
SF:src\formatProperty.js
FN:1,(anonymous_0)
FNF:1
FNH:1
FNDA:6,(anonymous_0)
DA:1,2
DA:2,6
DA:12,2
LF:3
LH:3
BRF:0
BRH:0
end_of_record
TN:
SF:src\models\PropertyModel.js
FNF:0
FNH:0
DA:1,2
DA:2,2
DA:4,2
DA:12,2
DA:13,2
LF:5
LH:5
BRF:0
BRH:0
end_of_record
