<?xml version="1.0" encoding="UTF-8"?>
<coverage generated="1684468597997" clover="3.2.0">
  <project timestamp="1684468597997" name="All files">
    <metrics statements="13" coveredstatements="13" conditionals="0" coveredconditionals="0" methods="2" coveredmethods="2" elements="15" coveredelements="15" complexity="0" loc="13" ncloc="13" packages="1" files="2" classes="2"/>
    <file name="app.js" path="C:\Users\dogem\02-exercise---create-post-routes-in-express-Autousername\src\app.js">
      <metrics statements="9" coveredstatements="9" conditionals="0" coveredconditionals="0" methods="1" coveredmethods="1"/>
      <line num="1" count="1" type="stmt"/>
      <line num="2" count="1" type="stmt"/>
      <line num="6" count="1" type="stmt"/>
      <line num="8" count="1" type="stmt"/>
      <line num="10" count="1" type="stmt"/>
      <line num="12" count="1" type="stmt"/>
      <line num="13" count="3" type="stmt"/>
      <line num="14" count="3" type="stmt"/>
      <line num="18" count="1" type="stmt"/>
    </file>
    <file name="generateId.js" path="C:\Users\dogem\02-exercise---create-post-routes-in-express-Autousername\src\generateId.js">
      <metrics statements="4" coveredstatements="4" conditionals="0" coveredconditionals="0" methods="1" coveredmethods="1"/>
      <line num="1" count="2" type="stmt"/>
      <line num="3" count="2" type="stmt"/>
      <line num="4" count="4" type="stmt"/>
      <line num="7" count="2" type="stmt"/>
    </file>
  </project>
</coverage>
