TN:
SF:src\app.js
FN:11,(anonymous_0)
FN:14,(anonymous_1)
FN:21,(anonymous_2)
FNF:3
FNH:3
FNDA:1,(anonymous_0)
FNDA:2,(anonymous_1)
FNDA:3,(anonymous_2)
DA:1,1
DA:2,1
DA:3,1
DA:4,1
DA:5,1
DA:6,1
DA:8,1
DA:9,1
DA:11,1
DA:12,1
DA:14,1
DA:15,2
DA:18,1
DA:21,1
DA:22,3
DA:24,3
DA:25,2
DA:27,2
DA:28,1
DA:29,1
DA:31,1
DA:34,1
DA:38,1
LF:23
LH:23
BRDA:24,0,0,2
BRDA:24,0,1,1
BRDA:27,1,0,1
BRDA:27,1,1,1
BRF:4
BRH:4
end_of_record
TN:
SF:src\models\ReservationModel.js
FNF:0
FNH:0
DA:2,3
DA:3,3
DA:5,3
DA:24,3
DA:26,3
LF:5
LH:5
BRF:0
BRH:0
end_of_record
TN:
SF:src\utils\formatReservation.js
FN:1,(anonymous_0)
FNF:1
FNH:1
FNDA:4,(anonymous_0)
DA:1,4
DA:5,2
LF:2
LH:2
BRF:0
BRH:0
end_of_record
TN:
SF:src\utils\validId.js
FN:3,(anonymous_0)
FNF:1
FNH:1
FNDA:5,(anonymous_0)
DA:1,2
DA:3,2
DA:4,5
DA:7,2
LF:4
LH:4
BRF:0
BRH:0
end_of_record
