{"C:\\Users\\dogem\\02-project---reservationizr-app-part-2---manage-reservations-Autousername\\server\\src\\app.js": {"path":"C:\\Users\\dogem\\02-project---reservationizr-app-part-2---manage-reservations-Autousername\\server\\src\\app.js","statementMap":{"0":{"start":{"line":1,"column":16},"end":{"line":1,"column":34}},"1":{"start":{"line":2,"column":13},"end":{"line":2,"column":28}},"2":{"start":{"line":3,"column":12},"end":{"line":3,"column":21}},"3":{"start":{"line":4,"column":45},"end":{"line":4,"column":65}},"4":{"start":{"line":5,"column":17},"end":{"line":5,"column":53}},"5":{"start":{"line":6,"column":24},"end":{"line":6,"column":59}},"6":{"start":{"line":7,"column":25},"end":{"line":7,"column":61}},"7":{"start":{"line":8,"column":18},"end":{"line":8,"column":46}},"8":{"start":{"line":10,"column":17},"end":{"line":13,"column":2}},"9":{"start":{"line":15,"column":0},"end":{"line":15,"column":16}},"10":{"start":{"line":16,"column":0},"end":{"line":16,"column":24}},"11":{"start":{"line":18,"column":0},"end":{"line":41,"column":2}},"12":{"start":{"line":29,"column":27},"end":{"line":29,"column":30}},"13":{"start":{"line":31,"column":28},"end":{"line":34,"column":5}},"14":{"start":{"line":36,"column":24},"end":{"line":36,"column":61}},"15":{"start":{"line":37,"column":4},"end":{"line":37,"column":29}},"16":{"start":{"line":39,"column":4},"end":{"line":39,"column":45}},"17":{"start":{"line":43,"column":0},"end":{"line":46,"column":3}},"18":{"start":{"line":44,"column":22},"end":{"line":44,"column":52}},"19":{"start":{"line":45,"column":2},"end":{"line":45,"column":24}},"20":{"start":{"line":48,"column":0},"end":{"line":62,"column":3}},"21":{"start":{"line":49,"column":17},"end":{"line":49,"column":27}},"22":{"start":{"line":51,"column":2},"end":{"line":53,"column":3}},"23":{"start":{"line":52,"column":4},"end":{"line":52,"column":66}},"24":{"start":{"line":55,"column":21},"end":{"line":55,"column":55}},"25":{"start":{"line":57,"column":2},"end":{"line":59,"column":3}},"26":{"start":{"line":58,"column":4},"end":{"line":58,"column":67}},"27":{"start":{"line":61,"column":2},"end":{"line":61,"column":23}},"28":{"start":{"line":64,"column":0},"end":{"line":70,"column":3}},"29":{"start":{"line":65,"column":18},"end":{"line":65,"column":34}},"30":{"start":{"line":67,"column":23},"end":{"line":67,"column":67}},"31":{"start":{"line":69,"column":2},"end":{"line":69,"column":25}},"32":{"start":{"line":72,"column":0},"end":{"line":97,"column":3}},"33":{"start":{"line":78,"column":6},"end":{"line":78,"column":9}},"34":{"start":{"line":80,"column":2},"end":{"line":82,"column":3}},"35":{"start":{"line":81,"column":4},"end":{"line":81,"column":66}},"36":{"start":{"line":84,"column":22},"end":{"line":84,"column":57}},"37":{"start":{"line":86,"column":2},"end":{"line":88,"column":3}},"38":{"start":{"line":87,"column":4},"end":{"line":87,"column":68}},"39":{"start":{"line":90,"column":2},"end":{"line":94,"column":3}},"40":{"start":{"line":91,"column":4},"end":{"line":93,"column":7}},"41":{"start":{"line":96,"column":2},"end":{"line":96,"column":24}},"42":{"start":{"line":99,"column":0},"end":{"line":99,"column":18}},"43":{"start":{"line":101,"column":0},"end":{"line":101,"column":21}}},"fnMap":{"0":{"name":"(anonymous_0)","decl":{"start":{"line":28,"column":2},"end":{"line":28,"column":3}},"loc":{"start":{"line":28,"column":22},"end":{"line":40,"column":3}},"line":28},"1":{"name":"(anonymous_1)","decl":{"start":{"line":43,"column":24},"end":{"line":43,"column":25}},"loc":{"start":{"line":43,"column":44},"end":{"line":46,"column":1}},"line":43},"2":{"name":"(anonymous_2)","decl":{"start":{"line":48,"column":28},"end":{"line":48,"column":29}},"loc":{"start":{"line":48,"column":48},"end":{"line":62,"column":1}},"line":48},"3":{"name":"(anonymous_3)","decl":{"start":{"line":64,"column":35},"end":{"line":64,"column":36}},"loc":{"start":{"line":64,"column":55},"end":{"line":70,"column":1}},"line":64},"4":{"name":"(anonymous_4)","decl":{"start":{"line":72,"column":39},"end":{"line":72,"column":40}},"loc":{"start":{"line":72,"column":59},"end":{"line":97,"column":1}},"line":72}},"branchMap":{"0":{"loc":{"start":{"line":51,"column":2},"end":{"line":53,"column":3}},"type":"if","locations":[{"start":{"line":51,"column":2},"end":{"line":53,"column":3}},{"start":{},"end":{}}],"line":51},"1":{"loc":{"start":{"line":57,"column":2},"end":{"line":59,"column":3}},"type":"if","locations":[{"start":{"line":57,"column":2},"end":{"line":59,"column":3}},{"start":{},"end":{}}],"line":57},"2":{"loc":{"start":{"line":80,"column":2},"end":{"line":82,"column":3}},"type":"if","locations":[{"start":{"line":80,"column":2},"end":{"line":82,"column":3}},{"start":{},"end":{}}],"line":80},"3":{"loc":{"start":{"line":86,"column":2},"end":{"line":88,"column":3}},"type":"if","locations":[{"start":{"line":86,"column":2},"end":{"line":88,"column":3}},{"start":{},"end":{}}],"line":86},"4":{"loc":{"start":{"line":90,"column":2},"end":{"line":94,"column":3}},"type":"if","locations":[{"start":{"line":90,"column":2},"end":{"line":94,"column":3}},{"start":{},"end":{}}],"line":90}},"s":{"0":1,"1":1,"2":1,"3":1,"4":1,"5":1,"6":1,"7":1,"8":1,"9":1,"10":1,"11":1,"12":1,"13":1,"14":1,"15":1,"16":1,"17":1,"18":1,"19":1,"20":1,"21":3,"22":3,"23":1,"24":2,"25":2,"26":1,"27":1,"28":1,"29":1,"30":1,"31":1,"32":1,"33":4,"34":4,"35":1,"36":3,"37":3,"38":1,"39":2,"40":1,"41":1,"42":1,"43":1},"f":{"0":1,"1":1,"2":3,"3":1,"4":4},"b":{"0":[1,2],"1":[1,1],"2":[1,3],"3":[1,2],"4":[1,1]},"_coverageSchema":"1a1c01bbd47fc00a2c39e90264f33305004495a9","hash":"eb948a986938c2423675b8444e738667d4675819"}
,"C:\\Users\\dogem\\02-project---reservationizr-app-part-2---manage-reservations-Autousername\\server\\src\\models\\ReservationModel.js": {"path":"C:\\Users\\dogem\\02-project---reservationizr-app-part-2---manage-reservations-Autousername\\server\\src\\models\\ReservationModel.js","statementMap":{"0":{"start":{"line":2,"column":17},"end":{"line":2,"column":36}},"1":{"start":{"line":3,"column":19},"end":{"line":3,"column":27}},"2":{"start":{"line":5,"column":26},"end":{"line":33,"column":1}},"3":{"start":{"line":27,"column":8},"end":{"line":27,"column":25}},"4":{"start":{"line":28,"column":8},"end":{"line":28,"column":23}},"5":{"start":{"line":29,"column":8},"end":{"line":29,"column":23}},"6":{"start":{"line":35,"column":20},"end":{"line":35,"column":68}},"7":{"start":{"line":36,"column":0},"end":{"line":36,"column":29}}},"fnMap":{"0":{"name":"(anonymous_0)","decl":{"start":{"line":26,"column":6},"end":{"line":26,"column":7}},"loc":{"start":{"line":26,"column":26},"end":{"line":30,"column":7}},"line":26}},"branchMap":{},"s":{"0":2,"1":2,"2":2,"3":4,"4":4,"5":4,"6":2,"7":2},"f":{"0":4},"b":{},"_coverageSchema":"1a1c01bbd47fc00a2c39e90264f33305004495a9","hash":"e3459ac15d392cf8adcdf2fee29d714e4b7aab87"}
,"C:\\Users\\dogem\\02-project---reservationizr-app-part-2---manage-reservations-Autousername\\server\\src\\models\\RestaurantModel.js": {"path":"C:\\Users\\dogem\\02-project---reservationizr-app-part-2---manage-reservations-Autousername\\server\\src\\models\\RestaurantModel.js","statementMap":{"0":{"start":{"line":2,"column":17},"end":{"line":2,"column":36}},"1":{"start":{"line":3,"column":19},"end":{"line":3,"column":27}},"2":{"start":{"line":5,"column":25},"end":{"line":29,"column":1}},"3":{"start":{"line":23,"column":8},"end":{"line":23,"column":25}},"4":{"start":{"line":24,"column":8},"end":{"line":24,"column":23}},"5":{"start":{"line":25,"column":8},"end":{"line":25,"column":23}},"6":{"start":{"line":31,"column":19},"end":{"line":31,"column":65}},"7":{"start":{"line":32,"column":0},"end":{"line":32,"column":28}}},"fnMap":{"0":{"name":"(anonymous_0)","decl":{"start":{"line":22,"column":6},"end":{"line":22,"column":7}},"loc":{"start":{"line":22,"column":26},"end":{"line":26,"column":7}},"line":22}},"branchMap":{},"s":{"0":2,"1":2,"2":2,"3":4,"4":4,"5":4,"6":2,"7":2},"f":{"0":4},"b":{},"_coverageSchema":"1a1c01bbd47fc00a2c39e90264f33305004495a9","hash":"ee75ac6d9f4e91df355b8b8160bd98458e201558"}
,"C:\\Users\\dogem\\02-project---reservationizr-app-part-2---manage-reservations-Autousername\\server\\src\\utils\\isValidId.js": {"path":"C:\\Users\\dogem\\02-project---reservationizr-app-part-2---manage-reservations-Autousername\\server\\src\\utils\\isValidId.js","statementMap":{"0":{"start":{"line":1,"column":17},"end":{"line":1,"column":36}},"1":{"start":{"line":3,"column":16},"end":{"line":5,"column":1}},"2":{"start":{"line":4,"column":2},"end":{"line":4,"column":45}},"3":{"start":{"line":7,"column":0},"end":{"line":7,"column":25}}},"fnMap":{"0":{"name":"(anonymous_0)","decl":{"start":{"line":3,"column":16},"end":{"line":3,"column":17}},"loc":{"start":{"line":3,"column":24},"end":{"line":5,"column":1}},"line":3}},"branchMap":{},"s":{"0":2,"1":2,"2":9,"3":2},"f":{"0":9},"b":{},"_coverageSchema":"1a1c01bbd47fc00a2c39e90264f33305004495a9","hash":"74006c628057fdda0a6c5afbaa527df2b0161882"}
}
