TN:
SF:src\app.js
FN:28,(anonymous_0)
FN:43,(anonymous_1)
FN:48,(anonymous_2)
FN:64,(anonymous_3)
FN:72,(anonymous_4)
FNF:5
FNH:5
FNDA:1,(anonymous_0)
FNDA:1,(anonymous_1)
FNDA:3,(anonymous_2)
FNDA:1,(anonymous_3)
FNDA:4,(anonymous_4)
DA:1,1
DA:2,1
DA:3,1
DA:4,1
DA:5,1
DA:6,1
DA:7,1
DA:8,1
DA:10,1
DA:15,1
DA:16,1
DA:18,1
DA:29,1
DA:31,1
DA:36,1
DA:37,1
DA:39,1
DA:43,1
DA:44,1
DA:45,1
DA:48,1
DA:49,3
DA:51,3
DA:52,1
DA:55,2
DA:57,2
DA:58,1
DA:61,1
DA:64,1
DA:65,1
DA:67,1
DA:69,1
DA:72,1
DA:78,4
DA:80,4
DA:81,1
DA:84,3
DA:86,3
DA:87,1
DA:90,2
DA:91,1
DA:96,1
DA:99,1
DA:101,1
LF:44
LH:44
BRDA:51,0,0,1
BRDA:51,0,1,2
BRDA:57,1,0,1
BRDA:57,1,1,1
BRDA:80,2,0,1
BRDA:80,2,1,3
BRDA:86,3,0,1
BRDA:86,3,1,2
BRDA:90,4,0,1
BRDA:90,4,1,1
BRF:10
BRH:10
end_of_record
TN:
SF:src\models\ReservationModel.js
FN:26,(anonymous_0)
FNF:1
FNH:1
FNDA:4,(anonymous_0)
DA:2,2
DA:3,2
DA:5,2
DA:27,4
DA:28,4
DA:29,4
DA:35,2
DA:36,2
LF:8
LH:8
BRF:0
BRH:0
end_of_record
TN:
SF:src\models\RestaurantModel.js
FN:22,(anonymous_0)
FNF:1
FNH:1
FNDA:4,(anonymous_0)
DA:2,2
DA:3,2
DA:5,2
DA:23,4
DA:24,4
DA:25,4
DA:31,2
DA:32,2
LF:8
LH:8
BRF:0
BRH:0
end_of_record
TN:
SF:src\utils\isValidId.js
FN:3,(anonymous_0)
FNF:1
FNH:1
FNDA:9,(anonymous_0)
DA:1,2
DA:3,2
DA:4,9
DA:7,2
LF:4
LH:4
BRF:0
BRH:0
end_of_record
