TN:
SF:seed\seedData.js
FN:6,(anonymous_0)
FN:9,(anonymous_1)
FNF:2
FNH:2
FNDA:8,(anonymous_0)
FNDA:24,(anonymous_1)
DA:1,2
DA:2,2
DA:3,2
DA:4,2
DA:6,2
DA:9,8
DA:10,24
DA:16,8
DA:17,8
DA:21,2
LF:10
LH:10
BRDA:16,0,0,8
BRDA:16,0,1,0
BRDA:16,1,0,8
BRDA:16,1,1,8
BRF:4
BRH:3
end_of_record
TN:
SF:src\app.js
FN:32,(anonymous_0)
FN:49,(anonymous_1)
FN:54,(anonymous_2)
FNF:3
FNH:3
FNDA:1,(anonymous_0)
FNDA:1,(anonymous_1)
FNDA:3,(anonymous_2)
DA:1,1
DA:2,1
DA:3,1
DA:4,1
DA:5,1
DA:6,1
DA:7,1
DA:9,1
DA:11,1
DA:16,1
DA:18,1
DA:20,1
DA:33,1
DA:34,1
DA:35,1
DA:39,1
DA:40,1
DA:41,1
DA:43,0
DA:44,0
DA:49,1
DA:50,1
DA:51,1
DA:54,1
DA:55,3
DA:57,3
DA:58,1
DA:61,2
DA:63,2
DA:64,1
DA:67,1
DA:70,1
DA:72,1
LF:33
LH:31
BRDA:57,0,0,1
BRDA:57,0,1,2
BRDA:63,1,0,1
BRDA:63,1,1,1
BRF:4
BRH:4
end_of_record
TN:
SF:src\formatProperty.js
FN:1,(anonymous_0)
FNF:1
FNH:1
FNDA:6,(anonymous_0)
DA:1,2
DA:2,6
DA:13,2
LF:3
LH:3
BRF:0
BRH:0
end_of_record
TN:
SF:src\models\PropertyModel.js
FNF:0
FNH:0
DA:1,2
DA:2,2
DA:4,2
DA:13,2
DA:14,2
LF:5
LH:5
BRF:0
BRH:0
end_of_record
